<?xml version="1.0" encoding="UTF-8"?>
<!-- Generated by org.testng.reporters.JUnitReportReporter -->
<testsuite hostname="LAPTOP-BTAPKMFO" failures="0" tests="1" name="com.xyzbank.qa.testcases.OpenNewAccountTest" time="5.476" errors="0" timestamp="08 Mar 2024 04:27:32 GMT" skipped="0">
  <testcase classname="com.xyzbank.qa.testcases.OpenNewAccountTest" name="createAccount" time="5.476"/>
</testsuite> <!-- com.xyzbank.qa.testcases.OpenNewAccountTest -->
