<?xml version="1.0" encoding="UTF-8"?>
<!-- Generated by org.testng.reporters.JUnitReportReporter -->
<testsuite hostname="LAPTOP-BTAPKMFO" failures="0" tests="1" name="com.xyzbank.qa.testcases.DepositTest" time="7.350" errors="0" timestamp="08 Mar 2024 04:41:46 GMT" skipped="0">
  <testcase classname="com.xyzbank.qa.testcases.DepositTest" name="DepositMoney" time="7.350"/>
</testsuite> <!-- com.xyzbank.qa.testcases.DepositTest -->
