<?xml version="1.0" encoding="UTF-8"?>
<!-- Generated by org.testng.reporters.JUnitReportReporter -->
<testsuite hostname="LAPTOP-BTAPKMFO" failures="0" tests="1" name="com.xyzbank.qa.testcases.WithdrawTest" time="7.719" errors="0" timestamp="08 Mar 2024 04:27:32 GMT" skipped="0">
  <testcase classname="com.xyzbank.qa.testcases.WithdrawTest" name="DepositMoney" time="7.719"/>
</testsuite> <!-- com.xyzbank.qa.testcases.WithdrawTest -->
